<?xml version="1.0" encoding="UTF-8"?>
<!-- Generated by org.testng.reporters.JUnitReportReporter -->
<testsuite hostname="DESKTOP-5R6GJQ5" failures="0" tests="1" name="tests.CreateCouponTest" time="7.550" errors="0" timestamp="2021-06-22T12:48:41 CEST" skipped="0">
  <testcase classname="tests.CreateCouponTest" name="createCoupon" time="7.550"/>
  <system-out/>
</testsuite> <!-- tests.CreateCouponTest -->
